<?xml version="1.0" encoding="UTF-8"?>
<!-- Generated by org.testng.reporters.JUnitReportReporter -->
<testsuite hostname="Tanveer" failures="0" tests="2" name="com.plentysweb.testcases.TC_Login" time="20.378" errors="0" timestamp="2023-07-27T12:40:08 PKT" skipped="0">
  <testcase classname="com.plentysweb.testcases.TC_Login" name="Loginweb" time="11.018"/>
  <system-out/>
  <testcase classname="com.plentysweb.testcases.TC_Login" name="Loginweb" time="9.360"/>
  <system-out/>
</testsuite> <!-- com.plentysweb.testcases.TC_Login -->
