<?xml version="1.0" encoding="UTF-8"?>
<!-- Generated by org.testng.reporters.JUnitReportReporter -->
<testsuite hostname="Tanveer" failures="0" tests="1" name="com.plentysweb.testcases.TC_Signup" time="22.872" errors="0" timestamp="2023-07-27T15:53:34 PKT" skipped="0">
  <testcase classname="com.plentysweb.testcases.TC_Signup" name="Signup" time="22.872"/>
  <system-out/>
</testsuite> <!-- com.plentysweb.testcases.TC_Signup -->
